<?xml version="1.0" encoding="UTF-8"?>
<!-- Generated by org.testng.reporters.JUnitReportReporter -->
<testsuite hostname="DESKTOP-7L2VD93" failures="0" tests="1" name="PGObjmodel.OPMRSLoginTest" time="24.272" errors="0" timestamp="2022-03-05T19:18:11 CAT" skipped="0">
  <testcase classname="PGObjmodel.OPMRSLoginTest" name="init" time="24.272"/>
  <system-out/>
</testsuite> <!-- PGObjmodel.OPMRSLoginTest -->
