<?xml version="1.0" encoding="UTF-8"?>
<!-- Generated by org.testng.reporters.JUnitReportReporter -->
<testsuite hostname="DESKTOP-7L2VD93" failures="0" tests="1" name="PGObjmodel.AmazonProductSellingTest" time="23.319" errors="0" timestamp="2022-03-08T12:49:44 CAT" skipped="0">
  <testcase classname="PGObjmodel.AmazonProductSellingTest" name="init" time="23.319"/>
  <system-out/>
</testsuite> <!-- PGObjmodel.AmazonProductSellingTest -->
